<?xml version="1.0" encoding="UTF-8"?>
<testng-results ignored="0" total="1" passed="1" failed="0" skipped="0">
  <reporter-output>
  </reporter-output>
  <suite started-at="2021-01-15T19:47:42 IST" name="RestTest.demotest.TestcatApi" finished-at="2021-01-15T19:47:47 IST" duration-ms="4695">
    <groups>
    </groups>
    <test started-at="2021-01-15T19:47:42 IST" name="Command line test" finished-at="2021-01-15T19:47:47 IST" duration-ms="4695">
      <class name="RestTest.demotest.TestcatApi">
        <test-method signature="testApi()[pri:0, instance:RestTest.demotest.TestcatApi@7b9a4292]" started-at="2021-01-15T19:47:42 IST" name="testApi" finished-at="2021-01-15T19:47:47 IST" duration-ms="4608" status="PASS">
          <reporter-output>
          </reporter-output>
        </test-method> <!-- testApi -->
      </class> <!-- RestTest.demotest.TestcatApi -->
    </test> <!-- Command line test -->
  </suite> <!-- RestTest.demotest.TestcatApi -->
</testng-results>
